<?xml version="1.0" encoding="UTF-8"?>
<testng-results ignored="0" total="1" passed="1" failed="0" skipped="0">
  <reporter-output>
  </reporter-output>
  <suite started-at="2021-02-09T19:01:41 IST" name="Default suite" finished-at="2021-02-09T19:02:50 IST" duration-ms="68380">
    <groups>
    </groups>
    <test started-at="2021-02-09T19:01:41 IST" name="Default test" finished-at="2021-02-09T19:02:50 IST" duration-ms="68380">
      <class name="TalentozPackage.Applogs">
        <test-method is-config="true" signature="setUp()[pri:0, instance:TalentozPackage.Applogs@7e9131d5]" started-at="2021-02-09T19:01:41 IST" name="setUp" finished-at="2021-02-09T19:01:43 IST" duration-ms="2057" status="PASS">
          <reporter-output>
          </reporter-output>
        </test-method> <!-- setUp -->
        <test-method signature="testMethod()[pri:0, instance:TalentozPackage.Applogs@7e9131d5]" started-at="2021-02-09T19:01:43 IST" name="testMethod" finished-at="2021-02-09T19:02:50 IST" duration-ms="66257" status="PASS">
          <reporter-output>
          </reporter-output>
        </test-method> <!-- testMethod -->
      </class> <!-- TalentozPackage.Applogs -->
    </test> <!-- Default test -->
  </suite> <!-- Default suite -->
</testng-results>
